x64\debug\assert.cu.obj
x64\debug\main.cu.obj
x64\debug\md5.cu.obj
x64\debug\sha1.cu.obj
c:\users\валерия\desktop\4 курс\диплом\md5v3 (1)\md5v3\x64\debug\md5v3.exe
c:\users\валерия\desktop\4 курс\диплом\md5v3 (1)\md5v3\x64\debug\md5v3.ilk
c:\users\валерия\desktop\4 курс\диплом\md5v3 (1)\md5v3\x64\debug\md5v3.pdb
c:\users\валерия\desktop\4 курс\диплом\md5v3 (1)\md5v3\x64\debug\md5v3.lib
c:\users\валерия\desktop\4 курс\диплом\md5v3 (1)\md5v3\x64\debug\md5v3.exp
c:\users\валерия\desktop\4 курс\диплом\md5v3 (1)\md5v3\md5v3\x64\debug\assert.cu.cache
c:\users\валерия\desktop\4 курс\диплом\md5v3 (1)\md5v3\md5v3\x64\debug\main.cu.cache
c:\users\валерия\desktop\4 курс\диплом\md5v3 (1)\md5v3\md5v3\x64\debug\md5.cu.cache
c:\users\валерия\desktop\4 курс\диплом\md5v3 (1)\md5v3\md5v3\x64\debug\sha1.cu.cache
c:\users\валерия\desktop\4 курс\диплом\md5v3 (1)\md5v3\md5v3\x64\debug\assert.cu.obj
c:\users\валерия\desktop\4 курс\диплом\md5v3 (1)\md5v3\md5v3\x64\debug\main.cu.obj
c:\users\валерия\desktop\4 курс\диплом\md5v3 (1)\md5v3\md5v3\x64\debug\md5.cu.obj
c:\users\валерия\desktop\4 курс\диплом\md5v3 (1)\md5v3\md5v3\x64\debug\sha1.cu.obj
c:\users\валерия\desktop\4 курс\диплом\md5v3 (1)\md5v3\md5v3\x64\debug\vc142.pdb
c:\users\валерия\desktop\4 курс\диплом\md5v3 (1)\md5v3\md5v3\x64\debug\md5v3.tlog\cudacompile.read.1u.tlog
c:\users\валерия\desktop\4 курс\диплом\md5v3 (1)\md5v3\md5v3\x64\debug\md5v3.tlog\cudacompile.write.1u.tlog
c:\users\валерия\desktop\4 курс\диплом\md5v3 (1)\md5v3\md5v3\x64\debug\md5v3.tlog\link.command.1.tlog
c:\users\валерия\desktop\4 курс\диплом\md5v3 (1)\md5v3\md5v3\x64\debug\md5v3.tlog\link.read.1.tlog
c:\users\валерия\desktop\4 курс\диплом\md5v3 (1)\md5v3\md5v3\x64\debug\md5v3.tlog\link.write.1.tlog
c:\users\валерия\desktop\4 курс\диплом\md5v3 (1)\md5v3\md5v3\x64\debug\md5v3.tlog\md5v3.write.1u.tlog
